<?xml version="1.0" encoding="UTF-8"?>
<!-- Generated by org.testng.reporters.JUnitReportReporter -->
<testsuite hostname="JEYALAKSHMI" failures="0" tests="1" name="com.simplilearn.demo.FacebookLogin" time="2.249" errors="0" timestamp="2022-10-03T14:30:58 IST" skipped="0">
  <testcase classname="com.simplilearn.demo.FacebookLogin" name="facebook" time="2.249"/>
  <system-out/>
</testsuite> <!-- com.simplilearn.demo.FacebookLogin -->
