<?xml version="1.0" encoding="UTF-8"?>
<!-- Generated by org.testng.reporters.JUnitReportReporter -->
<testsuite hostname="IMPLEX" failures="0" tests="1" name="com.simplilearn.demo.Registertest" time="9.314" errors="0" timestamp="2022-10-03T18:35:59 IST" skipped="0">
  <testcase classname="com.simplilearn.demo.Registertest" name="f" time="9.314"/>
  <system-out/>
</testsuite> <!-- com.simplilearn.demo.Registertest -->
