<?xml version="1.0" encoding="UTF-8"?>
<!-- Generated by org.testng.reporters.JUnitReportReporter -->
<testsuite hostname="IMPLEX" failures="0" tests="1" name="com.simplilearn.demo.Logintest" time="8.646" errors="0" timestamp="2022-10-03T18:33:45 IST" skipped="0">
  <testcase classname="com.simplilearn.demo.Logintest" name="facebook" time="8.646"/>
  <system-out/>
</testsuite> <!-- com.simplilearn.demo.Logintest -->
